2025-12-08 03:42:28,646 INFO o.a.j.u.JMeterUtils: Setting Locale to en_EN
2025-12-08 03:42:28,678 INFO o.a.j.JMeter: Loading user properties from: /opt/apache-jmeter-5.5/bin/user.properties
2025-12-08 03:42:28,679 INFO o.a.j.JMeter: Loading system properties from: /opt/apache-jmeter-5.5/bin/system.properties
2025-12-08 03:42:28,680 INFO o.a.j.JMeter: Setting System property: log4j2.formatMsgNoLookups=true
2025-12-08 03:42:28,680 INFO o.a.j.JMeter: Setting JMeter property: validCsv=/jmeter/valid.csv
2025-12-08 03:42:28,680 INFO o.a.j.JMeter: Setting JMeter property: invalidCsv=/jmeter/invalid.csv
2025-12-08 03:42:28,698 INFO o.a.j.JMeter: Copyright (c) 1998-2022 The Apache Software Foundation
2025-12-08 03:42:28,698 INFO o.a.j.JMeter: Version 5.5
2025-12-08 03:42:28,698 INFO o.a.j.JMeter: java.version=1.8.0_275
2025-12-08 03:42:28,698 INFO o.a.j.JMeter: java.vm.name=OpenJDK 64-Bit Server VM
2025-12-08 03:42:28,698 INFO o.a.j.JMeter: os.name=Linux
2025-12-08 03:42:28,698 INFO o.a.j.JMeter: os.arch=amd64
2025-12-08 03:42:28,698 INFO o.a.j.JMeter: os.version=6.10.14-linuxkit
2025-12-08 03:42:28,698 INFO o.a.j.JMeter: file.encoding=UTF-8
2025-12-08 03:42:28,699 INFO o.a.j.JMeter: java.awt.headless=true
2025-12-08 03:42:28,699 INFO o.a.j.JMeter: Max memory     =2130706432
2025-12-08 03:42:28,699 INFO o.a.j.JMeter: Available Processors =8
2025-12-08 03:42:28,707 INFO o.a.j.JMeter: Default Locale=English (EN)
2025-12-08 03:42:28,709 INFO o.a.j.JMeter: JMeter  Locale=English (EN)
2025-12-08 03:42:28,709 INFO o.a.j.JMeter: JMeterHome=/opt/apache-jmeter-5.5
2025-12-08 03:42:28,709 INFO o.a.j.JMeter: user.dir  =/opt/apache-jmeter-5.5
2025-12-08 03:42:28,710 INFO o.a.j.JMeter: PWD       =/opt/apache-jmeter-5.5
2025-12-08 03:42:28,710 INFO o.a.j.JMeter: IP: 172.18.0.6 Name: 6df2e7f4fb21 FullName: 6df2e7f4fb21
2025-12-08 03:42:28,744 INFO o.a.j.s.FileServer: Default base='/opt/apache-jmeter-5.5'
2025-12-08 03:42:28,746 INFO o.a.j.s.FileServer: Set new base='/jmeter'
2025-12-08 03:42:28,906 INFO o.a.j.s.SaveService: Testplan (JMX) version: 2.2. Testlog (JTL) version: 2.2
2025-12-08 03:42:29,110 INFO o.a.j.s.SaveService: Using SaveService properties file encoding UTF-8
2025-12-08 03:42:29,118 INFO o.a.j.s.SaveService: Using SaveService properties version 5.0
2025-12-08 03:42:29,128 INFO o.a.j.s.SaveService: Loading file: /jmeter/LR2-musicband.jmx
2025-12-08 03:42:29,221 INFO o.a.j.p.h.s.HTTPSamplerBase: Parser for text/html is org.apache.jmeter.protocol.http.parser.LagartoBasedHtmlParser
2025-12-08 03:42:29,222 INFO o.a.j.p.h.s.HTTPSamplerBase: Parser for application/xhtml+xml is org.apache.jmeter.protocol.http.parser.LagartoBasedHtmlParser
2025-12-08 03:42:29,222 INFO o.a.j.p.h.s.HTTPSamplerBase: Parser for application/xml is org.apache.jmeter.protocol.http.parser.LagartoBasedHtmlParser
2025-12-08 03:42:29,222 INFO o.a.j.p.h.s.HTTPSamplerBase: Parser for text/xml is org.apache.jmeter.protocol.http.parser.LagartoBasedHtmlParser
2025-12-08 03:42:29,222 INFO o.a.j.p.h.s.HTTPSamplerBase: Parser for text/vnd.wap.wml is org.apache.jmeter.protocol.http.parser.RegexpHTMLParser
2025-12-08 03:42:29,222 INFO o.a.j.p.h.s.HTTPSamplerBase: Parser for text/css is org.apache.jmeter.protocol.http.parser.CssParser
2025-12-08 03:42:30,313 INFO o.a.j.JMeter: Creating summariser <summary>
2025-12-08 03:42:30,327 INFO o.a.j.e.StandardJMeterEngine: Running the test!
2025-12-08 03:42:30,331 INFO o.a.j.s.SampleEvent: List of sample_variables: []
2025-12-08 03:42:30,332 INFO o.a.j.s.SampleEvent: List of sample_variables: []
2025-12-08 03:42:30,338 INFO o.a.j.e.u.CompoundVariable: Note: Function class names must contain the string: '.functions.'
2025-12-08 03:42:30,339 INFO o.a.j.e.u.CompoundVariable: Note: Function class names must not contain the string: '.gui.'
2025-12-08 03:42:31,048 INFO o.a.j.JMeter: Running test (1765161751048)
2025-12-08 03:42:31,173 INFO o.a.j.e.StandardJMeterEngine: Starting ThreadGroup: 1 : Admins-conflict-update-delete
2025-12-08 03:42:31,174 INFO o.a.j.e.StandardJMeterEngine: Starting 2 threads for group Admins-conflict-update-delete.
2025-12-08 03:42:31,175 INFO o.a.j.e.StandardJMeterEngine: Thread will continue on error
2025-12-08 03:42:31,176 INFO o.a.j.t.ThreadGroup: Starting thread group... number=1 threads=2 ramp-up=1 delayedStart=false
2025-12-08 03:42:31,208 INFO o.a.j.t.ThreadGroup: Started thread group number 1
2025-12-08 03:42:31,208 INFO o.a.j.t.JMeterThread: Thread started: Admins-conflict-update-delete 1-1
2025-12-08 03:42:31,210 INFO o.a.j.e.StandardJMeterEngine: Starting ThreadGroup: 2 : Users-uniqueness
2025-12-08 03:42:31,211 INFO o.a.j.e.StandardJMeterEngine: Starting 1 threads for group Users-uniqueness.
2025-12-08 03:42:31,211 INFO o.a.j.e.StandardJMeterEngine: Thread will continue on error
2025-12-08 03:42:31,213 INFO o.a.j.t.ThreadGroup: Starting thread group... number=2 threads=1 ramp-up=1 delayedStart=false
2025-12-08 03:42:31,218 INFO o.a.j.t.ThreadGroup: Started thread group number 2
2025-12-08 03:42:31,218 INFO o.a.j.t.JMeterThread: Thread started: Users-uniqueness 2-1
2025-12-08 03:42:31,218 INFO o.a.j.e.StandardJMeterEngine: Starting ThreadGroup: 3 : Importers
2025-12-08 03:42:31,219 INFO o.a.j.e.StandardJMeterEngine: Starting 1 threads for group Importers.
2025-12-08 03:42:31,220 INFO o.a.j.e.StandardJMeterEngine: Thread will continue on error
2025-12-08 03:42:31,222 INFO o.a.j.t.ThreadGroup: Starting thread group... number=3 threads=1 ramp-up=1 delayedStart=false
2025-12-08 03:42:31,233 INFO o.a.j.t.ThreadGroup: Started thread group number 3
2025-12-08 03:42:31,234 INFO o.a.j.e.StandardJMeterEngine: Starting ThreadGroup: 4 : Readers-verify
2025-12-08 03:42:31,234 INFO o.a.j.e.StandardJMeterEngine: Starting 1 threads for group Readers-verify.
2025-12-08 03:42:31,234 INFO o.a.j.e.StandardJMeterEngine: Thread will continue on error
2025-12-08 03:42:31,235 INFO o.a.j.t.ThreadGroup: Starting thread group... number=4 threads=1 ramp-up=1 delayedStart=false
2025-12-08 03:42:31,235 INFO o.a.j.t.JMeterThread: Thread started: Importers 3-1
2025-12-08 03:42:31,239 INFO o.a.j.t.ThreadGroup: Started thread group number 4
2025-12-08 03:42:31,239 INFO o.a.j.e.StandardJMeterEngine: All thread groups have been started
2025-12-08 03:42:31,239 INFO o.a.j.t.JMeterThread: Thread started: Readers-verify 4-1
2025-12-08 03:42:31,281 INFO o.a.j.p.h.s.HTTPHCAbstractImpl: Local host = 6df2e7f4fb21
2025-12-08 03:42:31,289 INFO o.a.j.p.h.s.HTTPHC4Impl: HTTP request retry count = 0
2025-12-08 03:42:31,292 INFO o.a.j.s.SampleResult: Note: Sample TimeStamps are START times
2025-12-08 03:42:31,293 INFO o.a.j.s.SampleResult: sampleresult.default.encoding is set to ISO-8859-1
2025-12-08 03:42:31,293 INFO o.a.j.s.SampleResult: sampleresult.useNanoTime=true
2025-12-08 03:42:31,293 INFO o.a.j.s.SampleResult: sampleresult.nanoThreadSleep=5000
2025-12-08 03:42:31,415 INFO o.a.j.s.FileServer: Stored: valid.csv
2025-12-08 03:42:31,704 INFO o.a.j.t.JMeterThread: Thread started: Admins-conflict-update-delete 1-2
2025-12-08 03:42:31,735 INFO o.a.j.t.JMeterThread: Thread is done: Users-uniqueness 2-1
2025-12-08 03:42:31,737 INFO o.a.j.t.JMeterThread: Thread finished: Users-uniqueness 2-1
2025-12-08 03:42:31,804 INFO o.a.j.r.Summariser: summary +      1 in 00:00:01 =    1.5/s Avg:   206 Min:   206 Max:   206 Err:     0 (0.00%) Active: 4 Started: 5 Finished: 1
2025-12-08 03:42:31,806 INFO o.a.j.s.FileServer: Stored: invalid.csv
2025-12-08 03:42:33,566 INFO o.a.j.t.JMeterThread: Thread is done: Importers 3-1
2025-12-08 03:42:33,569 INFO o.a.j.t.JMeterThread: Thread finished: Importers 3-1
2025-12-08 03:42:33,647 INFO o.a.j.t.JMeterThread: Thread is done: Readers-verify 4-1
2025-12-08 03:42:33,651 INFO o.a.j.t.JMeterThread: Thread finished: Readers-verify 4-1
2025-12-08 03:42:33,822 INFO o.a.j.t.JMeterThread: Thread is done: Admins-conflict-update-delete 1-2
2025-12-08 03:42:33,822 INFO o.a.j.t.JMeterThread: Thread is done: Admins-conflict-update-delete 1-1
2025-12-08 03:42:33,822 INFO o.a.j.t.JMeterThread: Thread finished: Admins-conflict-update-delete 1-2
2025-12-08 03:42:33,823 INFO o.a.j.t.JMeterThread: Thread finished: Admins-conflict-update-delete 1-1
2025-12-08 03:42:33,826 INFO o.a.j.e.StandardJMeterEngine: Notifying test listeners of end of test
2025-12-08 03:42:33,836 INFO o.a.j.r.Summariser: summary +      9 in 00:00:02 =    4.3/s Avg:   111 Min:    17 Max:   293 Err:     1 (11.11%) Active: 0 Started: 5 Finished: 5
2025-12-08 03:42:33,837 INFO o.a.j.r.Summariser: summary =     10 in 00:00:03 =    3.6/s Avg:   120 Min:    17 Max:   293 Err:     1 (10.00%)
